<?xml version="1.0" encoding="UTF-8"?>
<!-- Generated by org.testng.reporters.JUnitReportReporter -->
<testsuite hostname="nb-sreevatsa-8" name="com.networkPreference.tests.NetworkPreferencesTest" tests="3" failures="0" timestamp="22 Jul 2016 17:46:04 GMT" time="78.439" errors="0">
  <testcase name="networkPreferenceTest" time="28.805" classname="com.networkPreference.tests.NetworkPreferencesTest"/>
  <testcase name="networkPreferenceTest" time="13.736" classname="com.networkPreference.tests.NetworkPreferencesTest"/>
  <testcase name="networkPreferenceTest" time="35.898" classname="com.networkPreference.tests.NetworkPreferencesTest"/>
</testsuite> <!-- com.networkPreference.tests.NetworkPreferencesTest -->
