<?xml version="1.0" encoding="UTF-8"?>
<!-- Generated by org.testng.reporters.JUnitReportReporter -->
<testsuite hostname="nb-sreevatsa-8" name="com.perfecto.demo.tests.eBay.LoginToeBayTest" tests="4" failures="0" timestamp="8 Mar 2016 14:13:57 GMT" time="102.397" errors="0">
  <testcase name="loginWithInvalidCredentials" time="22.488" classname="com.perfecto.demo.tests.eBay.LoginToeBayTest"/>
  <testcase name="loginWithInvalidCredentials" time="24.771" classname="com.perfecto.demo.tests.eBay.LoginToeBayTest"/>
  <testcase name="loginWithInvalidCredentials" time="25.358" classname="com.perfecto.demo.tests.eBay.LoginToeBayTest"/>
  <testcase name="loginWithInvalidCredentials" time="29.780" classname="com.perfecto.demo.tests.eBay.LoginToeBayTest"/>
</testsuite> <!-- com.perfecto.demo.tests.eBay.LoginToeBayTest -->
